node.exe : Loaded 
Prisma config from 
prisma.config.ts.
In C:\nvm4w\nodejs\npx.
ps1:16 Zeichen:5
+     & 
"$basedir/node$exe"  "$
basedir/node_modules/np
m/bin/npx-cli.js" ...
+     ~~~~~~~~~~~~~~~~~
~~~~~~~~~~~~~~~~~~~~~~~
~~~~~~~~~~~~~~~~~~~~~~~
~~
    + CategoryInfo     
         : NotSpecifi  
  ed: (Loaded Prisma   
  c...isma.config.t    
s.:String) [], Rem    
oteException
    + FullyQualifiedEr 
   rorId : NativeComm  
  andError
 

Prisma schema loaded 
from 
prisma\schema.prisma.
Error: Prisma schema 
validation - 
(get-config wasm)
Error code: P1012
error: The datasource 
property `url` is no 
longer supported in 
schema files. Move 
connection URLs for 
Migrate to 
`prisma.config.ts` and 
pass either `adapter` 
for a direct database 
connection or 
`accelerateUrl` for 
Accelerate to the 
`PrismaClient` 
constructor. See https:
//pris.ly/d/config-data
source and https://pris
.ly/d/prisma7-client-co
nfig
  -->  
prisma\schema.prisma:3
   | 
 2 |   provider = 
"postgresql"
 3 |   url      = 
env("DATABASE_URL")
   | 

Validation Error 
Count: 1
[Context: getConfig]

Prisma CLI Version : 
7.4.2
