node.exe : Loaded 
Prisma config from 
prisma.config.ts.
In C:\nvm4w\nodejs\npx.
ps1:16 Zeichen:5
+     & 
"$basedir/node$exe"  "$
basedir/node_modules/np
m/bin/npx-cli.js" ...
+     ~~~~~~~~~~~~~~~~~
~~~~~~~~~~~~~~~~~~~~~~~
~~~~~~~~~~~~~~~~~~~~~~~
~~
    + CategoryInfo     
         : NotSpecifi  
  ed: (Loaded Prisma   
  c...isma.config.t    
s.:String) [], Rem    
oteException
    + FullyQualifiedEr 
   rorId : NativeComm  
  andError
 

Prisma schema loaded 
from 
prisma\schema.prisma.
Error: The 
datasource.url 
property is required 
in your Prisma config 
file when using prisma 
migrate dev.
